[0914/165753:ERROR:process_info.cc(330)] VirtualQueryEx: Access is denied. (0x5)
[0914/165753:ERROR:process_info.cc(547)] ReadMemoryInfo failed
[0914/165753:ERROR:process_info.cc(608)] range at 0x7ff735159000, size 0x354 fully unreadable
[0914/165753:ERROR:process_info.cc(608)] range at 0x0, size 0x40 fully unreadable
[0914/165753:ERROR:process_reader_win.cc(233)] ReadMemory at 0x0 of 64 bytes failed: Only part of a ReadProcessMemory or WriteProcessMemory request was completed. (0x12B)
[0914/165753:ERROR:process_snapshot_win.cc(367)] ReadMemory PEB_LDR_DATA
[0914/165753:ERROR:process_reader_win.cc(233)] ReadMemory at 0x0 of 1004 bytes failed: Only part of a ReadProcessMemory or WriteProcessMemory request was completed. (0x12B)
[0914/165753:ERROR:process_snapshot_win.cc(390)] ReadMemory RTL_USER_PROCESS_PARAMETERS
[0914/165753:ERROR:process_reader_win.cc(233)] ReadMemory at 0x7ff735f60000 of 64 bytes failed: Only part of a ReadProcessMemory or WriteProcessMemory request was completed. (0x12B)
[0914/165753:WARNING:pe_image_reader.cc(281)] could not read dos header from C:\Program Files (x86)\Google\Chrome\Application\chrome.exe
[0914/165753:ERROR:process_reader_win.cc(233)] ReadMemory at 0x7fff159d0000 of 64 bytes failed: Only part of a ReadProcessMemory or WriteProcessMemory request was completed. (0x12B)
[0914/165753:WARNING:pe_image_reader.cc(281)] could not read dos header from C:\Windows\SYSTEM32\DEVOBJ.dll
[0914/165753:ERROR:process_reader_win.cc(233)] ReadMemory at 0x7fff07f20000 of 64 bytes failed: Only part of a ReadProcessMemory or WriteProcessMemory request was completed. (0x12B)
[0914/165753:WARNING:pe_image_reader.cc(281)] could not read dos header from C:\Windows\SYSTEM32\WINMMBASE.dll
[0914/165753:ERROR:process_reader_win.cc(233)] ReadMemory at 0x7fff17880000 of 64 bytes failed: Only part of a ReadProcessMemory or WriteProcessMemory request was completed. (0x12B)
[0914/165753:WARNING:pe_image_reader.cc(281)] could not read dos header from C:\Windows\system32\GDI32.dll
[0914/165753:ERROR:process_reader_win.cc(233)] ReadMemory at 0x7fff19660000 of 64 bytes failed: Only part of a ReadProcessMemory or WriteProcessMemory request was completed. (0x12B)
[0914/165753:WARNING:pe_image_reader.cc(281)] could not read dos header from C:\Windows\system32\USER32.dll
[0914/165753:ERROR:process_reader_win.cc(233)] ReadMemory at 0x7fff198f0000 of 64 bytes failed: Only part of a ReadProcessMemory or WriteProcessMemory request was completed. (0x12B)
[0914/165753:WARNING:pe_image_reader.cc(281)] could not read dos header from C:\Windows\system32\MSCTF.dll
[0914/165753:ERROR:process_reader_win.cc(233)] ReadMemory at 0x7fff19610000 of 64 bytes failed: Only part of a ReadProcessMemory or WriteProcessMemory request was completed. (0x12B)
[0914/165753:WARNING:pe_image_reader.cc(281)] could not read dos header from C:\Windows\system32\IMM32.DLL
[0914/165753:ERROR:process_reader_win.cc(233)] ReadMemory at 0x7fff07f50000 of 64 bytes failed: Only part of a ReadProcessMemory or WriteProcessMemory request was completed. (0x12B)
[0914/165753:WARNING:pe_image_reader.cc(281)] could not read dos header from C:\Windows\SYSTEM32\WINMM.dll
[0914/165753:ERROR:process_reader_win.cc(233)] ReadMemory at 0x7fff16b90000 of 64 bytes failed: Only part of a ReadProcessMemory or WriteProcessMemory request was completed. (0x12B)
[0914/165753:WARNING:pe_image_reader.cc(281)] could not read dos header from C:\Windows\SYSTEM32\profapi.dll
[0914/165753:ERROR:process_reader_win.cc(233)] ReadMemory at 0x7fff16160000 of 64 bytes failed: Only part of a ReadProcessMemory or WriteProcessMemory request was completed. (0x12B)
[0914/165753:WARNING:pe_image_reader.cc(281)] could not read dos header from C:\Windows\SYSTEM32\USERENV.dll
[0914/165753:ERROR:process_reader_win.cc(233)] ReadMemory at 0x7fff14550000 of 64 bytes failed: Only part of a ReadProcessMemory or WriteProcessMemory request was completed. (0x12B)
[0914/165753:WARNING:pe_image_reader.cc(281)] could not read dos header from C:\Windows\SYSTEM32\WTSAPI32.dll
[0914/165753:ERROR:process_reader_win.cc(233)] ReadMemory at 0x7fff19320000 of 64 bytes failed: Only part of a ReadProcessMemory or WriteProcessMemory request was completed. (0x12B)
[0914/165753:WARNING:pe_image_reader.cc(281)] could not read dos header from C:\Windows\SYSTEM32\combase.dll
[0914/165753:ERROR:process_reader_win.cc(233)] ReadMemory at 0x7fff0ed20000 of 64 bytes failed: Only part of a ReadProcessMemory or WriteProcessMemory request was completed. (0x12B)
[0914/165753:WARNING:pe_image_reader.cc(281)] could not read dos header from C:\Windows\SYSTEM32\WINHTTP.dll
[0914/165753:ERROR:process_reader_win.cc(233)] ReadMemory at 0x7fff197e0000 of 64 bytes failed: Only part of a ReadProcessMemory or WriteProcessMemory request was completed. (0x12B)
[0914/165753:WARNING:pe_image_reader.cc(281)] could not read dos header from C:\Windows\system32\SHLWAPI.dll
[0914/165753:ERROR:process_reader_win.cc(233)] ReadMemory at 0x7fff17a30000 of 64 bytes failed: Only part of a ReadProcessMemory or WriteProcessMemory request was completed. (0x12B)
[0914/165753:WARNING:pe_image_reader.cc(281)] could not read dos header from C:\Windows\system32\SHELL32.dll
[0914/165753:ERROR:process_reader_win.cc(233)] ReadMemory at 0x7fff152d0000 of 64 bytes failed: Only part of a ReadProcessMemory or WriteProcessMemory request was completed. (0x12B)
[0914/165753:WARNING:pe_image_reader.cc(281)] could not read dos header from C:\Windows\SYSTEM32\shcore.dll
[0914/165753:ERROR:process_reader_win.cc(233)] ReadMemory at 0x7fff17100000 of 64 bytes failed: Only part of a ReadProcessMemory or WriteProcessMemory request was completed. (0x12B)
[0914/165753:WARNING:pe_image_reader.cc(281)] could not read dos header from C:\Windows\system32\PSAPI.DLL
[0914/165753:ERROR:process_reader_win.cc(233)] ReadMemory at 0x7fff07e90000 of 64 bytes failed: Only part of a ReadProcessMemory or WriteProcessMemory request was completed. (0x12B)
[0914/165753:WARNING:pe_image_reader.cc(281)] could not read dos header from C:\Windows\SYSTEM32\WINSPOOL.DRV
[0914/165753:ERROR:process_reader_win.cc(233)] ReadMemory at 0x7fff14c10000 of 64 bytes failed: Only part of a ReadProcessMemory or WriteProcessMemory request was completed. (0x12B)
[0914/165753:WARNING:pe_image_reader.cc(281)] could not read dos header from C:\Windows\WinSxS\amd64_microsoft.windows.common-controls_6595b64144ccf1df_6.0.9600.18006_none_623f33d3ecbe86e8\COMCTL32.dll
[0914/165753:ERROR:process_reader_win.cc(233)] ReadMemory at 0x7fff19080000 of 64 bytes failed: Only part of a ReadProcessMemory or WriteProcessMemory request was completed. (0x12B)
[0914/165753:WARNING:pe_image_reader.cc(281)] could not read dos header from C:\Windows\system32\COMDLG32.dll
[0914/165753:ERROR:process_reader_win.cc(233)] ReadMemory at 0x7fff17110000 of 64 bytes failed: Only part of a ReadProcessMemory or WriteProcessMemory request was completed. (0x12B)
[0914/165753:WARNING:pe_image_reader.cc(281)] could not read dos header from C:\Windows\system32\ole32.dll
[0914/165753:ERROR:process_reader_win.cc(233)] ReadMemory at 0x7fff17650000 of 64 bytes failed: Only part of a ReadProcessMemory or WriteProcessMemory request was completed. (0x12B)
[0914/165753:WARNING:pe_image_reader.cc(281)] could not read dos header from C:\Windows\system32\OLEAUT32.dll
[0914/165753:ERROR:process_reader_win.cc(233)] ReadMemory at 0x7fff19650000 of 64 bytes failed: Only part of a ReadProcessMemory or WriteProcessMemory request was completed. (0x12B)
[0914/165753:WARNING:pe_image_reader.cc(281)] could not read dos header from C:\Windows\system32\NSI.dll
[0914/165753:ERROR:process_reader_win.cc(233)] ReadMemory at 0x7fff120d0000 of 64 bytes failed: Only part of a ReadProcessMemory or WriteProcessMemory request was completed. (0x12B)
[0914/165753:WARNING:pe_image_reader.cc(281)] could not read dos header from C:\Windows\SYSTEM32\WINNSI.DLL
[0914/165753:ERROR:process_reader_win.cc(233)] ReadMemory at 0x7fff12130000 of 64 bytes failed: Only part of a ReadProcessMemory or WriteProcessMemory request was completed. (0x12B)
[0914/165753:WARNING:pe_image_reader.cc(281)] could not read dos header from C:\Windows\SYSTEM32\IPHLPAPI.DLL
[0914/165753:ERROR:process_reader_win.cc(233)] ReadMemory at 0x7fff195b0000 of 64 bytes failed: Only part of a ReadProcessMemory or WriteProcessMemory request was completed. (0x12B)
[0914/165753:WARNING:pe_image_reader.cc(281)] could not read dos header from C:\Windows\system32\WS2_32.dll
[0914/165753:ERROR:process_reader_win.cc(233)] ReadMemory at 0x7fff08790000 of 64 bytes failed: Only part of a ReadProcessMemory or WriteProcessMemory request was completed. (0x12B)
[0914/165753:WARNING:pe_image_reader.cc(281)] could not read dos header from C:\Windows\SYSTEM32\USP10.dll
[0914/165753:ERROR:process_reader_win.cc(233)] ReadMemory at 0x7fff16c40000 of 64 bytes failed: Only part of a ReadProcessMemory or WriteProcessMemory request was completed. (0x12B)
[0914/165753:WARNING:pe_image_reader.cc(281)] could not read dos header from C:\Windows\system32\MSASN1.dll
[0914/165753:ERROR:process_reader_win.cc(233)] ReadMemory at 0x7fff16d40000 of 64 bytes failed: Only part of a ReadProcessMemory or WriteProcessMemory request was completed. (0x12B)
[0914/165753:WARNING:pe_image_reader.cc(281)] could not read dos header from C:\Windows\system32\CRYPT32.dll
[0914/165753:ERROR:process_reader_win.cc(233)] ReadMemory at 0x7fff16f20000 of 64 bytes failed: Only part of a ReadProcessMemory or WriteProcessMemory request was completed. (0x12B)
[0914/165753:WARNING:pe_image_reader.cc(281)] could not read dos header from C:\Windows\system32\WINTRUST.dll
[0914/165753:ERROR:process_reader_win.cc(233)] ReadMemory at 0x7fff09520000 of 64 bytes failed: Only part of a ReadProcessMemory or WriteProcessMemory request was completed. (0x12B)
[0914/165753:WARNING:pe_image_reader.cc(281)] could not read dos header from C:\Windows\SYSTEM32\Secur32.dll
[0914/165753:ERROR:process_reader_win.cc(233)] ReadMemory at 0x7ffef3dd0000 of 64 bytes failed: Only part of a ReadProcessMemory or WriteProcessMemory request was completed. (0x12B)
[0914/165753:WARNING:pe_image_reader.cc(281)] could not read dos header from C:\Program Files (x86)\Google\Chrome\Application\52.0.2743.116\chrome_child.dll
[0914/165753:ERROR:process_reader_win.cc(233)] ReadMemory at 0x7fff13f70000 of 64 bytes failed: Only part of a ReadProcessMemory or WriteProcessMemory request was completed. (0x12B)
[0914/165753:WARNING:pe_image_reader.cc(281)] could not read dos header from C:\Windows\SYSTEM32\dwrite.dll
[0914/165753:ERROR:process_reader_win.cc(233)] ReadMemory at 0x7fff19b914a0 of 6656 bytes failed: Only part of a ReadProcessMemory or WriteProcessMemory request was completed. (0x12B)
[0914/165753:ERROR:process_reader_win.cc(233)] ReadMemory at 0x7ff735f60000 of 64 bytes failed: Only part of a ReadProcessMemory or WriteProcessMemory request was completed. (0x12B)
[0914/165753:WARNING:pe_image_reader.cc(281)] could not read dos header from C:\Program Files (x86)\Google\Chrome\Application\chrome.exe
[0914/165753:ERROR:process_reader_win.cc(233)] ReadMemory at 0x7fff19a60000 of 64 bytes failed: Only part of a ReadProcessMemory or WriteProcessMemory request was completed. (0x12B)
[0914/165753:WARNING:pe_image_reader.cc(281)] could not read dos header from C:\Windows\SYSTEM32\ntdll.dll
[0914/165753:ERROR:process_reader_win.cc(233)] ReadMemory at 0x7fff16fd0000 of 64 bytes failed: Only part of a ReadProcessMemory or WriteProcessMemory request was completed. (0x12B)
[0914/165753:WARNING:pe_image_reader.cc(281)] could not read dos header from C:\Windows\system32\KERNELBASE.dll
[0914/165753:ERROR:process_reader_win.cc(233)] ReadMemory at 0x7fff17510000 of 64 bytes failed: Only part of a ReadProcessMemory or WriteProcessMemory request was completed. (0x12B)
[0914/165753:WARNING:pe_image_reader.cc(281)] could not read dos header from C:\Windows\system32\KERNEL32.DLL
[0914/165753:ERROR:process_reader_win.cc(233)] ReadMemory at 0x7fff19840000 of 64 bytes failed: Only part of a ReadProcessMemory or WriteProcessMemory request was completed. (0x12B)
[0914/165753:WARNING:pe_image_reader.cc(281)] could not read dos header from C:\Windows\system32\msvcrt.dll
[0914/165753:ERROR:process_reader_win.cc(233)] ReadMemory at 0x7fff16d10000 of 64 bytes failed: Only part of a ReadProcessMemory or WriteProcessMemory request was completed. (0x12B)
[0914/165753:WARNING:pe_image_reader.cc(281)] could not read dos header from C:\Windows\system32\SspiCli.dll
[0914/165753:ERROR:process_reader_win.cc(233)] ReadMemory at 0x7fff17720000 of 64 bytes failed: Only part of a ReadProcessMemory or WriteProcessMemory request was completed. (0x12B)
[0914/165753:WARNING:pe_image_reader.cc(281)] could not read dos header from C:\Windows\system32\RPCRT4.dll
[0914/165753:ERROR:process_reader_win.cc(233)] ReadMemory at 0x7fff179d0000 of 64 bytes failed: Only part of a ReadProcessMemory or WriteProcessMemory request was completed. (0x12B)
[0914/165753:WARNING:pe_image_reader.cc(281)] could not read dos header from C:\Windows\SYSTEM32\sechost.dll
[0914/165753:ERROR:process_reader_win.cc(233)] ReadMemory at 0x7fff17460000 of 64 bytes failed: Only part of a ReadProcessMemory or WriteProcessMemory request was completed. (0x12B)
[0914/165753:WARNING:pe_image_reader.cc(281)] could not read dos header from C:\Windows\system32\ADVAPI32.dll
[0914/165753:ERROR:process_reader_win.cc(233)] ReadMemory at 0x7fff16990000 of 64 bytes failed: Only part of a ReadProcessMemory or WriteProcessMemory request was completed. (0x12B)
[0914/165753:WARNING:pe_image_reader.cc(281)] could not read dos header from C:\Windows\SYSTEM32\bcryptPrimitives.dll
[0914/165753:ERROR:process_reader_win.cc(233)] ReadMemory at 0x7fff16a00000 of 64 bytes failed: Only part of a ReadProcessMemory or WriteProcessMemory request was completed. (0x12B)
[0914/165753:WARNING:pe_image_reader.cc(281)] could not read dos header from C:\Windows\SYSTEM32\CRYPTBASE.DLL
[0914/165753:ERROR:process_reader_win.cc(233)] ReadMemory at 0x7fff08750000 of 64 bytes failed: Only part of a ReadProcessMemory or WriteProcessMemory request was completed. (0x12B)
[0914/165753:WARNING:pe_image_reader.cc(281)] could not read dos header from C:\Program Files (x86)\Google\Chrome\Application\52.0.2743.116\chrome_elf.dll
[0914/165753:ERROR:process_reader_win.cc(233)] ReadMemory at 0x7fff0af10000 of 64 bytes failed: Only part of a ReadProcessMemory or WriteProcessMemory request was completed. (0x12B)
[0914/165753:WARNING:pe_image_reader.cc(281)] could not read dos header from C:\Windows\SYSTEM32\VERSION.dll
[0914/165753:ERROR:process_reader_win.cc(233)] ReadMemory at 0x7fff16f80000 of 64 bytes failed: Only part of a ReadProcessMemory or WriteProcessMemory request was completed. (0x12B)
[0914/165753:WARNING:pe_image_reader.cc(281)] could not read dos header from C:\Windows\SYSTEM32\cfgmgr32.dll
[0914/165753:ERROR:process_reader_win.cc(233)] ReadMemory at 0x7fff159d0000 of 64 bytes failed: Only part of a ReadProcessMemory or WriteProcessMemory request was completed. (0x12B)
[0914/165753:WARNING:pe_image_reader.cc(281)] could not read dos header from C:\Windows\SYSTEM32\DEVOBJ.dll
[0914/165753:ERROR:process_reader_win.cc(233)] ReadMemory at 0x7fff07f20000 of 64 bytes failed: Only part of a ReadProcessMemory or WriteProcessMemory request was completed. (0x12B)
[0914/165753:WARNING:pe_image_reader.cc(281)] could not read dos header from C:\Windows\SYSTEM32\WINMMBASE.dll
[0914/165753:ERROR:process_reader_win.cc(233)] ReadMemory at 0x7fff17880000 of 64 bytes failed: Only part of a ReadProcessMemory or WriteProcessMemory request was completed. (0x12B)
[0914/165753:WARNING:pe_image_reader.cc(281)] could not read dos header from C:\Windows\system32\GDI32.dll
[0914/165753:ERROR:process_reader_win.cc(233)] ReadMemory at 0x7fff19660000 of 64 bytes failed: Only part of a ReadProcessMemory or WriteProcessMemory request was completed. (0x12B)
[0914/165753:WARNING:pe_image_reader.cc(281)] could not read dos header from C:\Windows\system32\USER32.dll
[0914/165753:ERROR:process_reader_win.cc(233)] ReadMemory at 0x7fff198f0000 of 64 bytes failed: Only part of a ReadProcessMemory or WriteProcessMemory request was completed. (0x12B)
[0914/165753:WARNING:pe_image_reader.cc(281)] could not read dos header from C:\Windows\system32\MSCTF.dll
[0914/165753:ERROR:process_reader_win.cc(233)] ReadMemory at 0x7fff19610000 of 64 bytes failed: Only part of a ReadProcessMemory or WriteProcessMemory request was completed. (0x12B)
[0914/165753:WARNING:pe_image_reader.cc(281)] could not read dos header from C:\Windows\system32\IMM32.DLL
[0914/165753:ERROR:process_reader_win.cc(233)] ReadMemory at 0x7fff07f50000 of 64 bytes failed: Only part of a ReadProcessMemory or WriteProcessMemory request was completed. (0x12B)
[0914/165753:WARNING:pe_image_reader.cc(281)] could not read dos header from C:\Windows\SYSTEM32\WINMM.dll
[0914/165753:ERROR:process_reader_win.cc(233)] ReadMemory at 0x7fff16b90000 of 64 bytes failed: Only part of a ReadProcessMemory or WriteProcessMemory request was completed. (0x12B)
[0914/165753:WARNING:pe_image_reader.cc(281)] could not read dos header from C:\Windows\SYSTEM32\profapi.dll
[0914/165753:ERROR:process_reader_win.cc(233)] ReadMemory at 0x7fff16160000 of 64 bytes failed: Only part of a ReadProcessMemory or WriteProcessMemory request was completed. (0x12B)
[0914/165753:WARNING:pe_image_reader.cc(281)] could not read dos header from C:\Windows\SYSTEM32\USERENV.dll
[0914/165753:ERROR:process_reader_win.cc(233)] ReadMemory at 0x7fff14550000 of 64 bytes failed: Only part of a ReadProcessMemory or WriteProcessMemory request was completed. (0x12B)
[0914/165753:WARNING:pe_image_reader.cc(281)] could not read dos header from C:\Windows\SYSTEM32\WTSAPI32.dll
[0914/165753:ERROR:process_reader_win.cc(233)] ReadMemory at 0x7fff19320000 of 64 bytes failed: Only part of a ReadProcessMemory or WriteProcessMemory request was completed. (0x12B)
[0914/165753:WARNING:pe_image_reader.cc(281)] could not read dos header from C:\Windows\SYSTEM32\combase.dll
[0914/165753:ERROR:process_reader_win.cc(233)] ReadMemory at 0x7fff0ed20000 of 64 bytes failed: Only part of a ReadProcessMemory or WriteProcessMemory request was completed. (0x12B)
[0914/165753:WARNING:pe_image_reader.cc(281)] could not read dos header from C:\Windows\SYSTEM32\WINHTTP.dll
[0914/165753:ERROR:process_reader_win.cc(233)] ReadMemory at 0x7fff197e0000 of 64 bytes failed: Only part of a ReadProcessMemory or WriteProcessMemory request was completed. (0x12B)
[0914/165753:WARNING:pe_image_reader.cc(281)] could not read dos header from C:\Windows\system32\SHLWAPI.dll
[0914/165753:ERROR:process_reader_win.cc(233)] ReadMemory at 0x7fff17a30000 of 64 bytes failed: Only part of a ReadProcessMemory or WriteProcessMemory request was completed. (0x12B)
[0914/165753:WARNING:pe_image_reader.cc(281)] could not read dos header from C:\Windows\system32\SHELL32.dll
[0914/165753:ERROR:process_reader_win.cc(233)] ReadMemory at 0x7fff152d0000 of 64 bytes failed: Only part of a ReadProcessMemory or WriteProcessMemory request was completed. (0x12B)
[0914/165753:WARNING:pe_image_reader.cc(281)] could not read dos header from C:\Windows\SYSTEM32\shcore.dll
[0914/165753:ERROR:process_reader_win.cc(233)] ReadMemory at 0x7fff17100000 of 64 bytes failed: Only part of a ReadProcessMemory or WriteProcessMemory request was completed. (0x12B)
[0914/165753:WARNING:pe_image_reader.cc(281)] could not read dos header from C:\Windows\system32\PSAPI.DLL
[0914/165753:ERROR:process_reader_win.cc(233)] ReadMemory at 0x7fff07e90000 of 64 bytes failed: Only part of a ReadProcessMemory or WriteProcessMemory request was completed. (0x12B)
[0914/165753:WARNING:pe_image_reader.cc(281)] could not read dos header from C:\Windows\SYSTEM32\WINSPOOL.DRV
[0914/165753:ERROR:process_reader_win.cc(233)] ReadMemory at 0x7fff14c10000 of 64 bytes failed: Only part of a ReadProcessMemory or WriteProcessMemory request was completed. (0x12B)
[0914/165753:WARNING:pe_image_reader.cc(281)] could not read dos header from C:\Windows\WinSxS\amd64_microsoft.windows.common-controls_6595b64144ccf1df_6.0.9600.18006_none_623f33d3ecbe86e8\COMCTL32.dll
[0914/165753:ERROR:process_reader_win.cc(233)] ReadMemory at 0x7fff19080000 of 64 bytes failed: Only part of a ReadProcessMemory or WriteProcessMemory request was completed. (0x12B)
[0914/165753:WARNING:pe_image_reader.cc(281)] could not read dos header from C:\Windows\system32\COMDLG32.dll
[0914/165753:ERROR:process_reader_win.cc(233)] ReadMemory at 0x7fff17110000 of 64 bytes failed: Only part of a ReadProcessMemory or WriteProcessMemory request was completed. (0x12B)
[0914/165753:WARNING:pe_image_reader.cc(281)] could not read dos header from C:\Windows\system32\ole32.dll
[0914/165753:ERROR:process_reader_win.cc(233)] ReadMemory at 0x7fff17650000 of 64 bytes failed: Only part of a ReadProcessMemory or WriteProcessMemory request was completed. (0x12B)
[0914/165753:WARNING:pe_image_reader.cc(281)] could not read dos header from C:\Windows\system32\OLEAUT32.dll
[0914/165753:ERROR:process_reader_win.cc(233)] ReadMemory at 0x7fff19650000 of 64 bytes failed: Only part of a ReadProcessMemory or WriteProcessMemory request was completed. (0x12B)
[0914/165753:WARNING:pe_image_reader.cc(281)] could not read dos header from C:\Windows\system32\NSI.dll
[0914/165753:ERROR:process_reader_win.cc(233)] ReadMemory at 0x7fff120d0000 of 64 bytes failed: Only part of a ReadProcessMemory or WriteProcessMemory request was completed. (0x12B)
[0914/165753:WARNING:pe_image_reader.cc(281)] could not read dos header from C:\Windows\SYSTEM32\WINNSI.DLL
[0914/165753:ERROR:process_reader_win.cc(233)] ReadMemory at 0x7fff12130000 of 64 bytes failed: Only part of a ReadProcessMemory or WriteProcessMemory request was completed. (0x12B)
[0914/165753:WARNING:pe_image_reader.cc(281)] could not read dos header from C:\Windows\SYSTEM32\IPHLPAPI.DLL
[0914/165753:ERROR:process_reader_win.cc(233)] ReadMemory at 0x7fff195b0000 of 64 bytes failed: Only part of a ReadProcessMemory or WriteProcessMemory request was completed. (0x12B)
[0914/165753:WARNING:pe_image_reader.cc(281)] could not read dos header from C:\Windows\system32\WS2_32.dll
[0914/165753:ERROR:process_reader_win.cc(233)] ReadMemory at 0x7fff08790000 of 64 bytes failed: Only part of a ReadProcessMemory or WriteProcessMemory request was completed. (0x12B)
[0914/165753:WARNING:pe_image_reader.cc(281)] could not read dos header from C:\Windows\SYSTEM32\USP10.dll
[0914/165753:ERROR:process_reader_win.cc(233)] ReadMemory at 0x7fff16c40000 of 64 bytes failed: Only part of a ReadProcessMemory or WriteProcessMemory request was completed. (0x12B)
[0914/165753:WARNING:pe_image_reader.cc(281)] could not read dos header from C:\Windows\system32\MSASN1.dll
[0914/165753:ERROR:process_reader_win.cc(233)] ReadMemory at 0x7fff16d40000 of 64 bytes failed: Only part of a ReadProcessMemory or WriteProcessMemory request was completed. (0x12B)
[0914/165753:WARNING:pe_image_reader.cc(281)] could not read dos header from C:\Windows\system32\CRYPT32.dll
[0914/165753:ERROR:process_reader_win.cc(233)] ReadMemory at 0x7fff16f20000 of 64 bytes failed: Only part of a ReadProcessMemory or WriteProcessMemory request was completed. (0x12B)
[0914/165753:WARNING:pe_image_reader.cc(281)] could not read dos header from C:\Windows\system32\WINTRUST.dll
[0914/165753:ERROR:process_reader_win.cc(233)] ReadMemory at 0x7fff09520000 of 64 bytes failed: Only part of a ReadProcessMemory or WriteProcessMemory request was completed. (0x12B)
[0914/165753:WARNING:pe_image_reader.cc(281)] could not read dos header from C:\Windows\SYSTEM32\Secur32.dll
[0914/165753:ERROR:process_reader_win.cc(233)] ReadMemory at 0x7ffef3dd0000 of 64 bytes failed: Only part of a ReadProcessMemory or WriteProcessMemory request was completed. (0x12B)
[0914/165753:WARNING:pe_image_reader.cc(281)] could not read dos header from C:\Program Files (x86)\Google\Chrome\Application\52.0.2743.116\chrome_child.dll
[0914/165753:ERROR:process_reader_win.cc(233)] ReadMemory at 0x7fff13f70000 of 64 bytes failed: Only part of a ReadProcessMemory or WriteProcessMemory request was completed. (0x12B)
[0914/165753:WARNING:pe_image_reader.cc(281)] could not read dos header from C:\Windows\SYSTEM32\dwrite.dll
[0914/165753:ERROR:process_reader_win.cc(99)] process 2252 not found
[0914/165753:ERROR:process_reader_win.cc(233)] ReadMemory at 0x7ff735f60000 of 64 bytes failed: Only part of a ReadProcessMemory or WriteProcessMemory request was completed. (0x12B)
[0914/165753:WARNING:pe_image_reader.cc(281)] could not read dos header from C:\Program Files (x86)\Google\Chrome\Application\chrome.exe
[0914/165753:ERROR:process_reader_win.cc(233)] ReadMemory at 0x7fff19a60000 of 64 bytes failed: Only part of a ReadProcessMemory or WriteProcessMemory request was completed. (0x12B)
[0914/165753:WARNING:pe_image_reader.cc(281)] could not read dos header from C:\Windows\SYSTEM32\ntdll.dll
[0914/165753:ERROR:process_reader_win.cc(233)] ReadMemory at 0x7fff16fd0000 of 64 bytes failed: Only part of a ReadProcessMemory or WriteProcessMemory request was completed. (0x12B)
[0914/165753:WARNING:pe_image_reader.cc(281)] could not read dos header from C:\Windows\system32\KERNELBASE.dll
[0914/165753:ERROR:process_reader_win.cc(233)] ReadMemory at 0x7fff17510000 of 64 bytes failed: Only part of a ReadProcessMemory or WriteProcessMemory request was completed. (0x12B)
[0914/165753:WARNING:pe_image_reader.cc(281)] could not read dos header from C:\Windows\system32\KERNEL32.DLL
[0914/165753:ERROR:process_reader_win.cc(233)] ReadMemory at 0x7fff19840000 of 64 bytes failed: Only part of a ReadProcessMemory or WriteProcessMemory request was completed. (0x12B)
[0914/165753:WARNING:pe_image_reader.cc(281)] could not read dos header from C:\Windows\system32\msvcrt.dll
[0914/165753:ERROR:process_reader_win.cc(233)] ReadMemory at 0x7fff16d10000 of 64 bytes failed: Only part of a ReadProcessMemory or WriteProcessMemory request was completed. (0x12B)
[0914/165753:WARNING:pe_image_reader.cc(281)] could not read dos header from C:\Windows\system32\SspiCli.dll
[0914/165753:ERROR:process_reader_win.cc(233)] ReadMemory at 0x7fff17720000 of 64 bytes failed: Only part of a ReadProcessMemory or WriteProcessMemory request was completed. (0x12B)
[0914/165753:WARNING:pe_image_reader.cc(281)] could not read dos header from C:\Windows\system32\RPCRT4.dll
[0914/165753:ERROR:process_reader_win.cc(233)] ReadMemory at 0x7fff179d0000 of 64 bytes failed: Only part of a ReadProcessMemory or WriteProcessMemory request was completed. (0x12B)
[0914/165753:WARNING:pe_image_reader.cc(281)] could not read dos header from C:\Windows\SYSTEM32\sechost.dll
[0914/165753:ERROR:process_reader_win.cc(233)] ReadMemory at 0x7fff17460000 of 64 bytes failed: Only part of a ReadProcessMemory or WriteProcessMemory request was completed. (0x12B)
[0914/165753:WARNING:pe_image_reader.cc(281)] could not read dos header from C:\Windows\system32\ADVAPI32.dll
[0914/165753:ERROR:process_reader_win.cc(233)] ReadMemory at 0x7fff16990000 of 64 bytes failed: Only part of a ReadProcessMemory or WriteProcessMemory request was completed. (0x12B)
[0914/165753:WARNING:pe_image_reader.cc(281)] could not read dos header from C:\Windows\SYSTEM32\bcryptPrimitives.dll
[0914/165753:ERROR:process_reader_win.cc(233)] ReadMemory at 0x7fff16a00000 of 64 bytes failed: Only part of a ReadProcessMemory or WriteProcessMemory request was completed. (0x12B)
[0914/165753:WARNING:pe_image_reader.cc(281)] could not read dos header from C:\Windows\SYSTEM32\CRYPTBASE.DLL
[0914/165753:ERROR:process_reader_win.cc(233)] ReadMemory at 0x7fff08750000 of 64 bytes failed: Only part of a ReadProcessMemory or WriteProcessMemory request was completed. (0x12B)
[0914/165753:WARNING:pe_image_reader.cc(281)] could not read dos header from C:\Program Files (x86)\Google\Chrome\Application\52.0.2743.116\chrome_elf.dll
[0914/165753:ERROR:process_reader_win.cc(233)] ReadMemory at 0x7fff0af10000 of 64 bytes failed: Only part of a ReadProcessMemory or WriteProcessMemory request was completed. (0x12B)
[0914/165753:WARNING:pe_image_reader.cc(281)] could not read dos header from C:\Windows\SYSTEM32\VERSION.dll
[0914/165753:ERROR:process_reader_win.cc(233)] ReadMemory at 0x7fff16f80000 of 64 bytes failed: Only part of a ReadProcessMemory or WriteProcessMemory request was completed. (0x12B)
[0914/165753:WARNING:pe_image_reader.cc(281)] could not read dos header from C:\Windows\SYSTEM32\cfgmgr32.dll
[0914/165753:ERROR:process_reader_win.cc(233)] ReadMemory at 0x7fff159d0000 of 64 bytes failed: Only part of a ReadProcessMemory or WriteProcessMemory request was completed. (0x12B)
[0914/165753:WARNING:pe_image_reader.cc(281)] could not read dos header from C:\Windows\SYSTEM32\DEVOBJ.dll
[0914/165753:ERROR:process_reader_win.cc(233)] ReadMemory at 0x7fff07f20000 of 64 bytes failed: Only part of a ReadProcessMemory or WriteProcessMemory request was completed. (0x12B)
[0914/165753:WARNING:pe_image_reader.cc(281)] could not read dos header from C:\Windows\SYSTEM32\WINMMBASE.dll
[0914/165753:ERROR:process_reader_win.cc(233)] ReadMemory at 0x7fff17880000 of 64 bytes failed: Only part of a ReadProcessMemory or WriteProcessMemory request was completed. (0x12B)
[0914/165753:WARNING:pe_image_reader.cc(281)] could not read dos header from C:\Windows\system32\GDI32.dll
[0914/165753:ERROR:process_reader_win.cc(233)] ReadMemory at 0x7fff19660000 of 64 bytes failed: Only part of a ReadProcessMemory or WriteProcessMemory request was completed. (0x12B)
[0914/165753:WARNING:pe_image_reader.cc(281)] could not read dos header from C:\Windows\system32\USER32.dll
[0914/165753:ERROR:process_reader_win.cc(233)] ReadMemory at 0x7fff198f0000 of 64 bytes failed: Only part of a ReadProcessMemory or WriteProcessMemory request was completed. (0x12B)
[0914/165753:WARNING:pe_image_reader.cc(281)] could not read dos header from C:\Windows\system32\MSCTF.dll
[0914/165753:ERROR:process_reader_win.cc(233)] ReadMemory at 0x7fff19610000 of 64 bytes failed: Only part of a ReadProcessMemory or WriteProcessMemory request was completed. (0x12B)
[0914/165753:WARNING:pe_image_reader.cc(281)] could not read dos header from C:\Windows\system32\IMM32.DLL
[0914/165753:ERROR:process_reader_win.cc(233)] ReadMemory at 0x7fff07f50000 of 64 bytes failed: Only part of a ReadProcessMemory or WriteProcessMemory request was completed. (0x12B)
[0914/165753:WARNING:pe_image_reader.cc(281)] could not read dos header from C:\Windows\SYSTEM32\WINMM.dll
[0914/165753:ERROR:process_reader_win.cc(233)] ReadMemory at 0x7fff16b90000 of 64 bytes failed: Only part of a ReadProcessMemory or WriteProcessMemory request was completed. (0x12B)
[0914/165753:WARNING:pe_image_reader.cc(281)] could not read dos header from C:\Windows\SYSTEM32\profapi.dll
[0914/165753:ERROR:process_reader_win.cc(233)] ReadMemory at 0x7fff16160000 of 64 bytes failed: Only part of a ReadProcessMemory or WriteProcessMemory request was completed. (0x12B)
[0914/165753:WARNING:pe_image_reader.cc(281)] could not read dos header from C:\Windows\SYSTEM32\USERENV.dll
[0914/165753:ERROR:process_reader_win.cc(233)] ReadMemory at 0x7fff14550000 of 64 bytes failed: Only part of a ReadProcessMemory or WriteProcessMemory request was completed. (0x12B)
[0914/165753:WARNING:pe_image_reader.cc(281)] could not read dos header from C:\Windows\SYSTEM32\WTSAPI32.dll
[0914/165753:ERROR:process_reader_win.cc(233)] ReadMemory at 0x7fff19320000 of 64 bytes failed: Only part of a ReadProcessMemory or WriteProcessMemory request was completed. (0x12B)
[0914/165753:WARNING:pe_image_reader.cc(281)] could not read dos header from C:\Windows\SYSTEM32\combase.dll
[0914/165753:ERROR:process_reader_win.cc(233)] ReadMemory at 0x7fff0ed20000 of 64 bytes failed: Only part of a ReadProcessMemory or WriteProcessMemory request was completed. (0x12B)
[0914/165753:WARNING:pe_image_reader.cc(281)] could not read dos header from C:\Windows\SYSTEM32\WINHTTP.dll
[0914/165753:ERROR:process_reader_win.cc(233)] ReadMemory at 0x7fff197e0000 of 64 bytes failed: Only part of a ReadProcessMemory or WriteProcessMemory request was completed. (0x12B)
[0914/165753:WARNING:pe_image_reader.cc(281)] could not read dos header from C:\Windows\system32\SHLWAPI.dll
[0914/165753:ERROR:process_reader_win.cc(233)] ReadMemory at 0x7fff17a30000 of 64 bytes failed: Only part of a ReadProcessMemory or WriteProcessMemory request was completed. (0x12B)
[0914/165753:WARNING:pe_image_reader.cc(281)] could not read dos header from C:\Windows\system32\SHELL32.dll
[0914/165753:ERROR:process_reader_win.cc(233)] ReadMemory at 0x7fff152d0000 of 64 bytes failed: Only part of a ReadProcessMemory or WriteProcessMemory request was completed. (0x12B)
[0914/165753:WARNING:pe_image_reader.cc(281)] could not read dos header from C:\Windows\SYSTEM32\shcore.dll
[0914/165753:ERROR:process_reader_win.cc(233)] ReadMemory at 0x7fff17100000 of 64 bytes failed: Only part of a ReadProcessMemory or WriteProcessMemory request was completed. (0x12B)
[0914/165753:WARNING:pe_image_reader.cc(281)] could not read dos header from C:\Windows\system32\PSAPI.DLL
[0914/165753:ERROR:process_reader_win.cc(233)] ReadMemory at 0x7fff07e90000 of 64 bytes failed: Only part of a ReadProcessMemory or WriteProcessMemory request was completed. (0x12B)
[0914/165753:WARNING:pe_image_reader.cc(281)] could not read dos header from C:\Windows\SYSTEM32\WINSPOOL.DRV
[0914/165753:ERROR:process_reader_win.cc(233)] ReadMemory at 0x7fff14c10000 of 64 bytes failed: Only part of a ReadProcessMemory or WriteProcessMemory request was completed. (0x12B)
[0914/165753:WARNING:pe_image_reader.cc(281)] could not read dos header from C:\Windows\WinSxS\amd64_microsoft.windows.common-controls_6595b64144ccf1df_6.0.9600.18006_none_623f33d3ecbe86e8\COMCTL32.dll
[0914/165753:ERROR:process_reader_win.cc(233)] ReadMemory at 0x7fff19080000 of 64 bytes failed: Only part of a ReadProcessMemory or WriteProcessMemory request was completed. (0x12B)
[0914/165753:WARNING:pe_image_reader.cc(281)] could not read dos header from C:\Windows\system32\COMDLG32.dll
[0914/165753:ERROR:process_reader_win.cc(233)] ReadMemory at 0x7fff17110000 of 64 bytes failed: Only part of a ReadProcessMemory or WriteProcessMemory request was completed. (0x12B)
[0914/165753:WARNING:pe_image_reader.cc(281)] could not read dos header from C:\Windows\system32\ole32.dll
[0914/165753:ERROR:process_reader_win.cc(233)] ReadMemory at 0x7fff17650000 of 64 bytes failed: Only part of a ReadProcessMemory or WriteProcessMemory request was completed. (0x12B)
[0914/165753:WARNING:pe_image_reader.cc(281)] could not read dos header from C:\Windows\system32\OLEAUT32.dll
[0914/165753:ERROR:process_reader_win.cc(233)] ReadMemory at 0x7fff19650000 of 64 bytes failed: Only part of a ReadProcessMemory or WriteProcessMemory request was completed. (0x12B)
[0914/165753:WARNING:pe_image_reader.cc(281)] could not read dos header from C:\Windows\system32\NSI.dll
[0914/165753:ERROR:process_reader_win.cc(233)] ReadMemory at 0x7fff120d0000 of 64 bytes failed: Only part of a ReadProcessMemory or WriteProcessMemory request was completed. (0x12B)
[0914/165753:WARNING:pe_image_reader.cc(281)] could not read dos header from C:\Windows\SYSTEM32\WINNSI.DLL
[0914/165753:ERROR:process_reader_win.cc(233)] ReadMemory at 0x7fff12130000 of 64 bytes failed: Only part of a ReadProcessMemory or WriteProcessMemory request was completed. (0x12B)
[0914/165753:WARNING:pe_image_reader.cc(281)] could not read dos header from C:\Windows\SYSTEM32\IPHLPAPI.DLL
[0914/165753:ERROR:process_reader_win.cc(233)] ReadMemory at 0x7fff195b0000 of 64 bytes failed: Only part of a ReadProcessMemory or WriteProcessMemory request was completed. (0x12B)
[0914/165753:WARNING:pe_image_reader.cc(281)] could not read dos header from C:\Windows\system32\WS2_32.dll
[0914/165753:ERROR:process_reader_win.cc(233)] ReadMemory at 0x7fff08790000 of 64 bytes failed: Only part of a ReadProcessMemory or WriteProcessMemory request was completed. (0x12B)
[0914/165753:WARNING:pe_image_reader.cc(281)] could not read dos header from C:\Windows\SYSTEM32\USP10.dll
[0914/165753:ERROR:process_reader_win.cc(233)] ReadMemory at 0x7fff16c40000 of 64 bytes failed: Only part of a ReadProcessMemory or WriteProcessMemory request was completed. (0x12B)
[0914/165753:WARNING:pe_image_reader.cc(281)] could not read dos header from C:\Windows\system32\MSASN1.dll
[0914/165753:ERROR:process_reader_win.cc(233)] ReadMemory at 0x7fff16d40000 of 64 bytes failed: Only part of a ReadProcessMemory or WriteProcessMemory request was completed. (0x12B)
[0914/165753:WARNING:pe_image_reader.cc(281)] could not read dos header from C:\Windows\system32\CRYPT32.dll
[0914/165753:ERROR:process_reader_win.cc(233)] ReadMemory at 0x7fff16f20000 of 64 bytes failed: Only part of a ReadProcessMemory or WriteProcessMemory request was completed. (0x12B)
[0914/165753:WARNING:pe_image_reader.cc(281)] could not read dos header from C:\Windows\system32\WINTRUST.dll
[0914/165753:ERROR:process_reader_win.cc(233)] ReadMemory at 0x7fff09520000 of 64 bytes failed: Only part of a ReadProcessMemory or WriteProcessMemory request was completed. (0x12B)
[0914/165753:WARNING:pe_image_reader.cc(281)] could not read dos header from C:\Windows\SYSTEM32\Secur32.dll
[0914/165753:ERROR:process_reader_win.cc(233)] ReadMemory at 0x7ffef3dd0000 of 64 bytes failed: Only part of a ReadProcessMemory or WriteProcessMemory request was completed. (0x12B)
[0914/165753:WARNING:pe_image_reader.cc(281)] could not read dos header from C:\Program Files (x86)\Google\Chrome\Application\52.0.2743.116\chrome_child.dll
[0914/165753:ERROR:process_reader_win.cc(233)] ReadMemory at 0x7fff13f70000 of 64 bytes failed: Only part of a ReadProcessMemory or WriteProcessMemory request was completed. (0x12B)
[0914/165753:WARNING:pe_image_reader.cc(281)] could not read dos header from C:\Windows\SYSTEM32\dwrite.dll
[0914/165753:ERROR:process_reader_win.cc(233)] ReadMemory at 0x7ff736049170 of 12 bytes failed: Only part of a ReadProcessMemory or WriteProcessMemory request was completed. (0x12B)
[0914/165753:WARNING:process_snapshot_win.cc(104)] ReadMemory ExceptionInformation failed
[0914/165753:WARNING:crash_report_exception_handler.cc(60)] ProcessSnapshotWin::InitializeException failed
[0914/165753:ERROR:scoped_process_suspend.cc(38)] NtResumeProcess, ntstatus=-1073741558
